#-----------------------------------------------------------
# Vivado v2013.2 (64-bit)
# Build 272601 by xbuild on Sat Jun 15 11:11:11 MDT 2013
# Start of session at: Tue Nov 13 13:15:57 2018
# Process ID: 16716
# Log file: /home/vguddad/private/Desktop/new/scalablity/vj/test/vivado.log
# Journal file: /home/vguddad/private/Desktop/new/scalablity/vj/test/vivado.jou
#-----------------------------------------------------------
INFO: [Common 17-78] Attempting to get a license: Implementation
INFO: [Common 17-81] Feature available: Implementation
INFO: [Common 17-78] Attempting to get a license: Synthesis
INFO: [Common 17-81] Feature available: Synthesis
INFO: [Device 21-36] Loading parts and site information from /ecad/xilinxise_14.6/Vivado/2013.2/data/parts/arch.xml
Parsing RTL primitives file [/ecad/xilinxise_14.6/Vivado/2013.2/data/parts/xilinx/rtl/prims/rtl_prims.xml]
Finished parsing RTL primitives file [/ecad/xilinxise_14.6/Vivado/2013.2/data/parts/xilinx/rtl/prims/rtl_prims.xml]
INFO: [Common 17-362] Using Tcl App repository from '/ecad/xilinxise_14.6/Vivado/2013.2/data/XilinxTclStore'.
INFO: [Common 17-364] Updating Tcl app persistent manifest '/home/vguddad/private/.Xilinx/Vivado/tclapp/manifest.tcl'
source quantise.tcl
# read_vhdl ./design4_quantise.vhd
# set outputDir ./design4_quantise
# file mkdir $outputDir
# synth_design -top design4_quantise -part xc7z020clg400-1
Command: synth_design -top design4_quantise -part xc7z020clg400-1

Starting synthesis...

INFO: [Common 17-347] Attempting to get a license for feature 'Synthesis' and/or device 'xc7z020'
INFO: [Common 17-349] Got license for feature 'Synthesis' and/or device 'xc7z020'
Xilinx IP preload is disabled
starting synthesize : Time (s): cpu = 00:00:02 ; elapsed = 00:00:02 . Memory (MB): peak = 179.984 ; gain = 63.508
INFO: [Synth 8-638] synthesizing module 'design4_quantise' [/home/vguddad/private/Desktop/new/scalablity/vj/test/design4_quantise.vhd:46]
INFO: [Synth 8-256] done synthesizing module 'design4_quantise' (1#1) [/home/vguddad/private/Desktop/new/scalablity/vj/test/design4_quantise.vhd:46]
finished synthesize : Time (s): cpu = 00:00:03 ; elapsed = 00:00:03 . Memory (MB): peak = 212.070 ; gain = 95.594
Start RTL Optimization : Time (s): cpu = 00:00:03 ; elapsed = 00:00:03 . Memory (MB): peak = 212.070 ; gain = 95.594
---------------------------------------------------------------------------------
Finished Compilation : Time (s): cpu = 00:00:03 ; elapsed = 00:00:03 . Memory (MB): peak = 212.070 ; gain = 95.594
---------------------------------------------------------------------------------

INFO: [Synth 8-3537] HDL ADVISOR - The operator resource <adder> is shared. To prevent sharing consider applying a KEEP on the inputs of the operator [/home/vguddad/private/Desktop/new/scalablity/vj/test/design4_quantise.vhd:133]
Report RTL Partitions: 
-----+-------------+-----------+---------
     |RTL Partition|Replication|Instances
-----+-------------+-----------+---------
-----+-------------+-----------+---------

---------------------------------------------------------------------------------
Loading Part and Timing Information
---------------------------------------------------------------------------------
Loading part: xc7z020clg400-1
Loading clock regions from /ecad/xilinxise_14.6/Vivado/2013.2/data/parts/xilinx/zynq/zynq/xc7z020/ClockRegion.xml
Loading clock buffers from /ecad/xilinxise_14.6/Vivado/2013.2/data/parts/xilinx/zynq/zynq/xc7z020/ClockBuffers.xml
Loading clock placement rules from /ecad/xilinxise_14.6/Vivado/2013.2/data/parts/xilinx/zynq/ClockPlacerRules.xml
Loading package pin functions from /ecad/xilinxise_14.6/Vivado/2013.2/data/parts/xilinx/zynq/PinFunctions.xml...
Loading package from /ecad/xilinxise_14.6/Vivado/2013.2/data/parts/xilinx/zynq/zynq/xc7z020/clg400/Package.xml
Loading io standards from /ecad/xilinxise_14.6/Vivado/2013.2/data/./parts/xilinx/zynq/IOStandards.xml
Part Resources:
DSPs: 220 (col length:60)
BRAMs: 280 (col length: RAMB8 0 RAMB16 0 RAMB18 60 RAMB36 30)
---------------------------------------------------------------------------------
Finished Loading Part and Timing Information : Time (s): cpu = 00:00:12 ; elapsed = 00:00:13 . Memory (MB): peak = 517.605 ; gain = 401.129
---------------------------------------------------------------------------------

No constraint files found.

---------------------------------------------------------------------------------
RTL Component Statistics 
---------------------------------------------------------------------------------
Detailed RTL Component Info : 
+---Adders : 
	   2 Input     16 Bit       Adders := 1     
	   2 Input      4 Bit       Adders := 1     
+---Registers : 
	               16 Bit    Registers := 1     
	               14 Bit    Registers := 1     
	               12 Bit    Registers := 1     
	                4 Bit    Registers := 1     
	                1 Bit    Registers := 8     
+---Muxes : 
	   2 Input     14 Bit        Muxes := 2     
	   2 Input     13 Bit        Muxes := 1     
	   2 Input     12 Bit        Muxes := 2     
	   8 Input      3 Bit        Muxes := 1     
	   6 Input      3 Bit        Muxes := 3     

---------------------------------------------------------------------------------
Finished RTL Component Statistics 
---------------------------------------------------------------------------------

---------------------------------------------------------------------------------
RTL Hierarchical Component Statistics 
---------------------------------------------------------------------------------
Hierarchical RTL Component report 
Module design4_quantise 
Detailed RTL Component Info : 
+---Adders : 
	   2 Input     16 Bit       Adders := 1     
	   2 Input      4 Bit       Adders := 1     
+---Registers : 
	               16 Bit    Registers := 1     
	               14 Bit    Registers := 1     
	               12 Bit    Registers := 1     
	                4 Bit    Registers := 1     
	                1 Bit    Registers := 8     
+---Muxes : 
	   2 Input     14 Bit        Muxes := 2     
	   2 Input     13 Bit        Muxes := 1     
	   2 Input     12 Bit        Muxes := 2     
	   8 Input      3 Bit        Muxes := 1     
	   6 Input      3 Bit        Muxes := 3     

---------------------------------------------------------------------------------
Finished RTL Component Statistics
---------------------------------------------------------------------------------

---------------------------------------------------------------------------------
Start Cross Boundary Optimization
---------------------------------------------------------------------------------
WARNING: [Synth 8-3332] Sequential element (\zz_reg[1] ) is unused and will be removed from module reg__4.
WARNING: [Synth 8-3332] Sequential element (\zz_reg[0] ) is unused and will be removed from module reg__4.
DSP Report: Generating DSP zr_reg, operation Mode is: (A2*B2)'.
DSP Report: register qmf_reg is absorbed into DSP zr_reg.
DSP Report: register yn1_reg is absorbed into DSP zr_reg.
DSP Report: register zr_reg is absorbed into DSP zr_reg.
DSP Report: operator multOp is absorbed into DSP zr_reg.
WARNING: [Synth 8-3332] Sequential element (\zz_reg[1] ) is unused and will be removed from module design4_quantise.
WARNING: [Synth 8-3332] Sequential element (\zz_reg[0] ) is unused and will be removed from module design4_quantise.
---------------------------------------------------------------------------------
Finished Cross Boundary Optimization : Time (s): cpu = 00:00:13 ; elapsed = 00:00:13 . Memory (MB): peak = 527.645 ; gain = 411.168
---------------------------------------------------------------------------------

---------------------------------------------------------------------------------
Start RAM, DSP and Shift Register Reporting
---------------------------------------------------------------------------------

DSP:
|Module Name     |OP MODE |Neg Edge Clk|A Size (Signed?)|B Size|C Size|D Size|P Size|AREG|BREG|CREG|DREG|PREG|
|----------------|--------|------------|----------------|------|------|------|------|----|----|----|----|----|
|design4_quantise|(A2*B2)'|No          |16 (N)          |14 (N)|1 (N) |1 (N) |30 (N)|1   |1   |0   |0   |1   |
|----------------|--------|------------|----------------|------|------|------|------|----|----|----|----|----|

---------------------------------------------------------------------------------
Finished RAM, DSP and Shift Register Reporting
---------------------------------------------------------------------------------

---------------------------------------------------------------------------------
Start Area Optimization
---------------------------------------------------------------------------------
No constraint files found.
---------------------------------------------------------------------------------
Finished Area Optimization : Time (s): cpu = 00:00:13 ; elapsed = 00:00:13 . Memory (MB): peak = 552.695 ; gain = 436.219
---------------------------------------------------------------------------------


---------------------------------------------------------------------------------
Start Timing Optimization
---------------------------------------------------------------------------------
No constraint files found.
---------------------------------------------------------------------------------
Finished Timing Optimization : Time (s): cpu = 00:00:13 ; elapsed = 00:00:13 . Memory (MB): peak = 552.695 ; gain = 436.219
---------------------------------------------------------------------------------


---------------------------------------------------------------------------------
Start Technology Mapping
---------------------------------------------------------------------------------
Start control sets optimization
INFO: [Synth 8-4428] Reached the limit for maximum flops that can be modified (20). You can increase this by setting the parameter controlSetsOptMaxFlops
Finished control sets optimization. Modified 16 flops. Number of control sets: before: 5 after: 2
---------------------------------------------------------------------------------
Finished Technology Mapping : Time (s): cpu = 00:00:13 ; elapsed = 00:00:14 . Memory (MB): peak = 552.820 ; gain = 436.344
---------------------------------------------------------------------------------


---------------------------------------------------------------------------------
Start IO Insertion
---------------------------------------------------------------------------------

---------------------------------------------------------------------------------
Start Flattening Before IO Insertion
---------------------------------------------------------------------------------

---------------------------------------------------------------------------------
Finished Flattening Before IO Insertion
---------------------------------------------------------------------------------

---------------------------------------------------------------------------------
Final Netlist Cleanup
---------------------------------------------------------------------------------

---------------------------------------------------------------------------------
Finished Final Netlist Cleanup
---------------------------------------------------------------------------------
---------------------------------------------------------------------------------
Finished IO Insertion : Time (s): cpu = 00:00:14 ; elapsed = 00:00:14 . Memory (MB): peak = 552.820 ; gain = 436.344
---------------------------------------------------------------------------------

Report Check Netlist: 
-----+-----------------+------+--------+------+-----------------
     |Item             |Errors|Warnings|Status|Description      
-----+-----------------+------+--------+------+-----------------
1    |multi_driven_nets|     0|       0|Passed|Multi driven nets
-----+-----------------+------+--------+------+-----------------

---------------------------------------------------------------------------------
Start renaming generated instances
---------------------------------------------------------------------------------
---------------------------------------------------------------------------------
Finished Renaming Generated Instances : Time (s): cpu = 00:00:14 ; elapsed = 00:00:14 . Memory (MB): peak = 552.820 ; gain = 436.344
---------------------------------------------------------------------------------


---------------------------------------------------------------------------------
Rebuilding User Hierarchy
---------------------------------------------------------------------------------
---------------------------------------------------------------------------------
Finished Rebuilding User Hierarchy : Time (s): cpu = 00:00:14 ; elapsed = 00:00:14 . Memory (MB): peak = 552.820 ; gain = 436.344
---------------------------------------------------------------------------------

---------------------------------------------------------------------------------
Start RAM, DSP and Shift Register Reporting
---------------------------------------------------------------------------------

Static Shift Register:
|Module Name     |RTL Name|Length|Width|Reset Signal|Pull out first Reg|Pull out last Reg|SRL16E|SRLC32E|
|----------------|--------|------|-----|------------|------------------|-----------------|------|-------|
|design4_quantise|DCCO_reg|4     |1    |NO          |NO                |YES              |1     |0      |
|----------------|--------|------|-----|------------|------------------|-----------------|------|-------|

---------------------------------------------------------------------------------
Finished RAM, DSP and Shift Register Reporting
---------------------------------------------------------------------------------

---------------------------------------------------------------------------------
Writing Synthesis Report
---------------------------------------------------------------------------------
Report BlackBoxes: 
-----+-------------+---------
     |BlackBox name|Instances
-----+-------------+---------
-----+-------------+---------
Report Cell Usage: 
-----+-------+-----
     |Cell   |Count
-----+-------+-----
1    |BUFG   |    1
2    |CARRY4 |    4
3    |DSP48E1|    1
4    |LUT3   |   12
5    |LUT4   |    7
6    |LUT5   |   22
7    |LUT6   |   32
8    |SRL16E |    1
9    |FDRE   |   35
10   |IBUF   |   25
11   |OBUF   |   14
-----+-------+-----
Report Instance Areas: 
-----+--------+------+-----
     |Instance|Module|Cells
-----+--------+------+-----
1    |top     |      |  154
-----+--------+------+-----
---------------------------------------------------------------------------------
Finished Writing Synthesis Report : Time (s): cpu = 00:00:14 ; elapsed = 00:00:14 . Memory (MB): peak = 552.820 ; gain = 436.344
---------------------------------------------------------------------------------

Synthesis finished with 0 errors, 0 critical warnings and 4 warnings.
Synthesis Optimization Complete : Time (s): cpu = 00:00:14 ; elapsed = 00:00:14 . Memory (MB): peak = 552.820 ; gain = 436.344
INFO: [Netlist 29-17] Analyzing 26 Unisim elements for replacement
INFO: [Netlist 29-28] Unisim Transformation completed in 0 CPU seconds
INFO: [Opt 31-138] Pushed 0 inverter(s).
INFO: [Common 17-78] Attempting to get a license: Internal_bitstream
WARNING: [Common 17-301] Failed to get a license: Internal_bitstream
INFO: [Project 1-111] Unisim Transformation Summary:
No Unisim elements were transformed.

Phase 0 | Netlist Checksum: 8dd1e339
11 Infos, 5 Warnings, 0 Critical Warnings and 0 Errors encountered.
synth_design completed successfully
synth_design: Time (s): cpu = 00:00:15 ; elapsed = 00:00:15 . Memory (MB): peak = 798.336 ; gain = 646.664
# write_checkpoint -force $outputDir/post_synth
# report_utilization -file $outputDir/post_syth_util.rpt
report_utilization: Time (s): cpu = 00:00:00.02 ; elapsed = 00:00:00.07 . Memory (MB): peak = 798.336 ; gain = 0.000
# report_timing -sort_by group -max_paths 5 -path_type summary -file $outputDir/post_synth_timing.rpt
INFO: [Timing 38-91] UpdateTimingParams: Speed grade: -1, Delay Type: max, Constraints type: SDC.
INFO: [Timing 38-191] Multithreading enabled for timing update using a maximum of 4 CPUs
INFO: [Timing 38-35] Done setting XDC timing constraints.
INFO: [Timing 38-78] ReportTimingParams: -max_paths 5 -nworst 1 -delay_type max -sort_by group.
# opt_design
Command: opt_design
INFO: [Common 17-347] Attempting to get a license for feature 'Implementation' and/or device 'xc7z020'
INFO: [Common 17-349] Got license for feature 'Implementation' and/or device 'xc7z020'
Running DRC as a precondition to command opt_design

Starting DRC Task
INFO: [Drc 23-27] Running DRC with 4 threads
INFO: [Project 1-461] DRC finished with 0 Errors
INFO: [Project 1-462] Please refer to the DRC report (report_drc) for more information.

Time (s): cpu = 00:00:00.07 ; elapsed = 00:00:00.06 . Memory (MB): peak = 841.488 ; gain = 1.129

Starting Logic Optimization Task
Logic Optimization | Checksum: a2f8744d
INFO: [Timing 38-35] Done setting XDC timing constraints.

Phase 1 Retarget
INFO: [Opt 31-138] Pushed 0 inverter(s).
INFO: [Opt 31-49] Retargeted 0 cell(s).
Phase 1 Retarget | Checksum: 47d8ac6e

Time (s): cpu = 00:00:00.03 ; elapsed = 00:00:00.03 . Memory (MB): peak = 841.488 ; gain = 0.000

Phase 2 Constant Propagation
INFO: [Opt 31-138] Pushed 0 inverter(s).
INFO: [Opt 31-10] Eliminated 0 cells.
Phase 2 Constant Propagation | Checksum: ecf0e7c8

Time (s): cpu = 00:00:00.04 ; elapsed = 00:00:00.04 . Memory (MB): peak = 841.488 ; gain = 0.000

Phase 3 Sweep
INFO: [Opt 31-12] Eliminated 24 unconnected nets.
INFO: [Opt 31-11] Eliminated 0 unconnected cells.
Phase 3 Sweep | Checksum: 755ee633

Time (s): cpu = 00:00:00.05 ; elapsed = 00:00:00.04 . Memory (MB): peak = 841.488 ; gain = 0.000
INFO: [Timing 38-35] Done setting XDC timing constraints.
Ending Logic Optimization Task | Checksum: 755ee633

Time (s): cpu = 00:00:00.07 ; elapsed = 00:00:00.07 . Memory (MB): peak = 841.488 ; gain = 0.000

Starting Power Optimization Task
Ending Power Optimization Task | Checksum: 755ee633

Time (s): cpu = 00:00:00 ; elapsed = 00:00:00 . Memory (MB): peak = 841.488 ; gain = 0.000
13 Infos, 0 Warnings, 0 Critical Warnings and 0 Errors encountered.
opt_design completed successfully
# power_opt_design
Command: power_opt_design
INFO: [Common 17-347] Attempting to get a license for feature 'Implementation' and/or device 'xc7z020'
INFO: [Common 17-349] Got license for feature 'Implementation' and/or device 'xc7z020'
Begin power_opt_design optimizations | Netlist Checksum: cb90c474
INFO: [Pwropt 34-50] Optimizing power for module design4_quantise ...
Pre-processing: Time (s): cpu = 00:00:00.01 ; elapsed = 00:00:00 . Memory (MB): peak = 913.617 ; gain = 8.004
INFO: [Pwropt 34-9] Applying IDT optimizations ...
IDT: Time (s): cpu = 00:00:00.02 ; elapsed = 00:00:00.01 . Memory (MB): peak = 913.617 ; gain = 0.000
Detect combinational loops Time (s): cpu = 00:00:00 ; elapsed = 00:00:00 . Memory (MB): peak = 913.617 ; gain = 0.000
INFO: [Pwropt 34-10] Applying ODC optimizations ...
PSMgr Creation: Time (s): cpu = 00:00:00.05 ; elapsed = 00:00:00.02 . Memory (MB): peak = 913.617 ; gain = 8.004
INFO: [Pwropt 34-187] Skipped ODC enables for 0 flops in bus-based analysis
ODC: Time (s): cpu = 00:00:00.02 ; elapsed = 00:00:00.01 . Memory (MB): peak = 913.617 ; gain = 0.000
Power optimization passes: Time (s): cpu = 00:00:00.05 ; elapsed = 00:00:00.02 . Memory (MB): peak = 913.617 ; gain = 8.004

INFO: [Pwropt 34-77] Creating clock enable groups ...
INFO: [Pwropt 34-96] Including small groups for filtering based on enable probabilities.
 Done
Grouping enables: Time (s): cpu = 00:00:00 ; elapsed = 00:00:00.01 . Memory (MB): peak = 913.617 ; gain = 0.000

INFO: [Pwropt 34-26] Patching clock gating enable signals for design design4_quantise ...
INFO: [Pwropt 34-162] WRITE_MODE attribute of 0 BRAM(s) out of a total of 0 was updated to NO_CHANGE to save power.
    Run report_power_opt to get a complete listing of the BRAMs updated.
INFO: [Pwropt 34-201] Structural ODC has moved 0 WE to EN ports
INFO: [Pwropt 34-100] Patcher adaptive clustering : original flop clusters 1 accepted clusters 0

Number of Slice Registers augmented: 0 newly gated: 0 Total: 35
Number of SRLs augmented: 0  newly gated: 0 Total: 1
Number of BRAM Ports augmented: 0 newly gated: 0 Total Ports: 0
Number of Flops added for Enable Generation: 0

Flops dropped: 0/0 RAMS dropped: 0/0 Clusters dropped: 0/0 Enables dropped: 0
Patching clock gating enables finished successfully.
Patcher: Time (s): cpu = 00:00:00.29 ; elapsed = 00:00:00.28 . Memory (MB): peak = 913.617 ; gain = 0.000
INFO: [Pwropt 34-30] Power optimization finished successfully.
End power_opt_design optimizations | Netlist Checksum: cb90c474
Power optimization: Time (s): cpu = 00:00:00.39 ; elapsed = 00:00:00.37 . Memory (MB): peak = 913.617 ; gain = 72.129
INFO: [Pwropt 34-198] Malloced memory gain at end of power optimization: 15860944 bytes

Starting Logic Optimization Task
Logic Optimization | Checksum: 755ee633

Phase 1 Retarget
INFO: [Opt 31-138] Pushed 0 inverter(s).
INFO: [Opt 31-49] Retargeted 0 cell(s).
Phase 1 Retarget | Checksum: 755ee633

Time (s): cpu = 00:00:00 ; elapsed = 00:00:00 . Memory (MB): peak = 913.617 ; gain = 0.000

Phase 2 Remap
INFO: [Opt 31-9] Eliminated 0 cells and 0 terminals.
Phase 2 Remap | Checksum: f0f24df7

Time (s): cpu = 00:00:00.01 ; elapsed = 00:00:00.01 . Memory (MB): peak = 913.617 ; gain = 0.000
INFO: [Timing 38-35] Done setting XDC timing constraints.
Ending Logic Optimization Task | Checksum: f0f24df7

Time (s): cpu = 00:00:00.04 ; elapsed = 00:00:00.04 . Memory (MB): peak = 913.617 ; gain = 0.000
18 Infos, 0 Warnings, 0 Critical Warnings and 0 Errors encountered.
power_opt_design completed successfully
# place_design
Command: place_design
INFO: [Common 17-347] Attempting to get a license for feature 'Implementation' and/or device 'xc7z020'
INFO: [Common 17-349] Got license for feature 'Implementation' and/or device 'xc7z020'
Running DRC as a precondition to command place_design
INFO: [Drc 23-27] Running DRC with 4 threads
INFO: [Vivado_Tcl 4-198] DRC finished with 0 Errors
INFO: [Vivado_Tcl 4-199] Please refer to the DRC report (report_drc) for more information.

Starting Placer Task
INFO: [Place 30-611] Multithreading enabled for place_design using a maximum of 4 CPUs

Phase 1 Placer Initialization
Netlist sorting complete. Time (s): cpu = 00:00:00 ; elapsed = 00:00:00 . Memory (MB): peak = 913.617 ; gain = 0.000

Phase 1.1 Mandatory Logic Optimization
INFO: [Opt 31-138] Pushed 0 inverter(s).
Phase 1.1 Mandatory Logic Optimization | Checksum: 1173aaeb0

Time (s): cpu = 00:00:00.01 ; elapsed = 00:00:00.02 . Memory (MB): peak = 913.617 ; gain = 0.000

Phase 1.2 Build Super Logic Region (SLR) Database
Phase 1.2 Build Super Logic Region (SLR) Database | Checksum: 1173aaeb0

Time (s): cpu = 00:00:00.03 ; elapsed = 00:00:00.04 . Memory (MB): peak = 913.617 ; gain = 0.000

Phase 1.3 Add Constraints
Phase 1.3 Add Constraints | Checksum: 1173aaeb0

Time (s): cpu = 00:00:00.03 ; elapsed = 00:00:00.04 . Memory (MB): peak = 913.617 ; gain = 0.000

Phase 1.4 Routing Based Site Exclusion
Phase 1.4 Routing Based Site Exclusion | Checksum: 1173aaeb0

Time (s): cpu = 00:00:00.03 ; elapsed = 00:00:00.04 . Memory (MB): peak = 913.617 ; gain = 0.000

Phase 1.5 Build Macros
Phase 1.5 Build Macros | Checksum: 10c48cca9

Time (s): cpu = 00:00:00.04 ; elapsed = 00:00:00.05 . Memory (MB): peak = 913.617 ; gain = 0.000

Phase 1.6 Implementation Feasibility check
Phase 1.6 Implementation Feasibility check | Checksum: 10c48cca9

Time (s): cpu = 00:00:00.06 ; elapsed = 00:00:00.07 . Memory (MB): peak = 913.617 ; gain = 0.000

Phase 1.7 Pre-Place Cells
Phase 1.7 Pre-Place Cells | Checksum: 10c48cca9

Time (s): cpu = 00:00:00.07 ; elapsed = 00:00:00.07 . Memory (MB): peak = 913.617 ; gain = 0.000

Phase 1.8 IO Placement/ Clock Placement/ Build Placer Device
Phase 1.8 IO Placement/ Clock Placement/ Build Placer Device | Checksum: 10c48cca9

Time (s): cpu = 00:00:00.28 ; elapsed = 00:00:00.22 . Memory (MB): peak = 943.629 ; gain = 30.012

Phase 1.9 Build Placer Netlist Model

Phase 1.9.1 Place Init Design
Phase 1.9.1 Place Init Design | Checksum: e9f1536c

Time (s): cpu = 00:00:00.30 ; elapsed = 00:00:00.24 . Memory (MB): peak = 943.629 ; gain = 30.012
Phase 1.9 Build Placer Netlist Model | Checksum: e9f1536c

Time (s): cpu = 00:00:00.30 ; elapsed = 00:00:00.24 . Memory (MB): peak = 943.629 ; gain = 30.012

Phase 1.10 Constrain Clocks/Macros

Phase 1.10.1 Constrain Global/Regional Clocks
Phase 1.10.1 Constrain Global/Regional Clocks | Checksum: e9f1536c

Time (s): cpu = 00:00:00.30 ; elapsed = 00:00:00.24 . Memory (MB): peak = 943.629 ; gain = 30.012
Phase 1.10 Constrain Clocks/Macros | Checksum: e9f1536c

Time (s): cpu = 00:00:00.30 ; elapsed = 00:00:00.24 . Memory (MB): peak = 943.629 ; gain = 30.012
Phase 1 Placer Initialization | Checksum: e9f1536c

Time (s): cpu = 00:00:00.30 ; elapsed = 00:00:00.24 . Memory (MB): peak = 943.629 ; gain = 30.012

Phase 2 Global Placement
Phase 2 Global Placement | Checksum: 174e3d0fe

Time (s): cpu = 00:00:01 ; elapsed = 00:00:00.71 . Memory (MB): peak = 943.629 ; gain = 30.012

Phase 3 Detail Placement

Phase 3.1 Commit Multi Column Macros
Phase 3.1 Commit Multi Column Macros | Checksum: 174e3d0fe

Time (s): cpu = 00:00:01 ; elapsed = 00:00:00.72 . Memory (MB): peak = 943.629 ; gain = 30.012

Phase 3.2 Commit Most Macros & LUTRAMs
Phase 3.2 Commit Most Macros & LUTRAMs | Checksum: 27b257118

Time (s): cpu = 00:00:01 ; elapsed = 00:00:00.73 . Memory (MB): peak = 943.629 ; gain = 30.012

Phase 3.3 Area Swap Optimization
Phase 3.3 Area Swap Optimization | Checksum: 27758100e

Time (s): cpu = 00:00:01 ; elapsed = 00:00:00.75 . Memory (MB): peak = 943.629 ; gain = 30.012

Phase 3.4 Timing Path Optimizer
Phase 3.4 Timing Path Optimizer | Checksum: 27758100e

Time (s): cpu = 00:00:01 ; elapsed = 00:00:00.75 . Memory (MB): peak = 943.629 ; gain = 30.012

Phase 3.5 Commit Small Macros & Core Logic
Phase 3.5 Commit Small Macros & Core Logic | Checksum: 1d5354eb4

Time (s): cpu = 00:00:01 ; elapsed = 00:00:00.80 . Memory (MB): peak = 973.766 ; gain = 60.148

Phase 3.6 Re-assign LUT pins
Phase 3.6 Re-assign LUT pins | Checksum: 1d5354eb4

Time (s): cpu = 00:00:01 ; elapsed = 00:00:00.81 . Memory (MB): peak = 973.766 ; gain = 60.148
Phase 3 Detail Placement | Checksum: 1d5354eb4

Time (s): cpu = 00:00:01 ; elapsed = 00:00:00.81 . Memory (MB): peak = 973.766 ; gain = 60.148

Phase 4 Post Placement Optimization and Clean-Up

Phase 4.1 Post Placement Cleanup
Phase 4.1 Post Placement Cleanup | Checksum: d8df4eeb

Time (s): cpu = 00:00:01 ; elapsed = 00:00:00.81 . Memory (MB): peak = 973.766 ; gain = 60.148

Phase 4.2 Placer Reporting
Phase 4.2 Placer Reporting | Checksum: d8df4eeb

Time (s): cpu = 00:00:01 ; elapsed = 00:00:00.81 . Memory (MB): peak = 973.766 ; gain = 60.148

Phase 4.3 Final Placement Cleanup
Phase 4.3 Final Placement Cleanup | Checksum: 10de903e5

Time (s): cpu = 00:00:01 ; elapsed = 00:00:00.81 . Memory (MB): peak = 973.766 ; gain = 60.148
Phase 4 Post Placement Optimization and Clean-Up | Checksum: 10de903e5

Time (s): cpu = 00:00:01 ; elapsed = 00:00:00.81 . Memory (MB): peak = 973.766 ; gain = 60.148
Ending Placer Task | Checksum: c9c92c43

Time (s): cpu = 00:00:01 ; elapsed = 00:00:00.82 . Memory (MB): peak = 973.766 ; gain = 60.148
7 Infos, 0 Warnings, 0 Critical Warnings and 0 Errors encountered.
place_design completed successfully
# write_checkpoint -force $outputDir/post_place
Writing XDEF routing.
Writing XDEF routing logical nets.
Writing XDEF routing special nets.
Write XDEF Complete: Time (s): cpu = 00:00:00.15 ; elapsed = 00:00:00.17 . Memory (MB): peak = 973.766 ; gain = 0.000
# phys_opt_design
Command: phys_opt_design
INFO: [Common 17-347] Attempting to get a license for feature 'Implementation' and/or device 'xc7z020'
INFO: [Common 17-349] Got license for feature 'Implementation' and/or device 'xc7z020'
INFO: [Vivado_Tcl 4-235] No timing constraint found. The netlist was not modified.
3 Infos, 0 Warnings, 0 Critical Warnings and 0 Errors encountered.
phys_opt_design completed successfully
# route-design
invalid command name "route-design"
    while executing
"route-design"
    (file "quantise.tcl" line 21)
INFO: [Common 17-206] Exiting Vivado at Tue Nov 13 13:16:17 2018...
